<?xml version="1.0" encoding="UTF-8"?>
<!-- Generated by org.testng.reporters.JUnitReportReporter -->
<testsuite skipped="0" hostname="DESKTOP-7M67OUT" name="tests.AddUser" tests="1" failures="0" timestamp="2021-08-25T02:59:24 EET" time="7.908" errors="0">
  <testcase name="Adduser" time="7.908" classname="tests.AddUser"/>
  <system-out/>
</testsuite> <!-- tests.AddUser -->
