<?xml version="1.0" encoding="UTF-8"?>
<!-- Generated by org.testng.reporters.JUnitReportReporter -->
<testsuite skipped="0" hostname="DESKTOP-7M67OUT" name="tests.UserRegistrationTestWithDDTAndExcel" tests="2" failures="0" timestamp="2021-08-23T05:27:17 EET" time="156.268" errors="0">
  <testcase name="UserCanRegisterSuccessfully" time="94.039" classname="tests.UserRegistrationTestWithDDTAndExcel"/>
  <system-out/>
  <testcase name="AssertTheProductValue" time="62.229" classname="tests.UserRegistrationTestWithDDTAndExcel"/>
  <system-out/>
</testsuite> <!-- tests.UserRegistrationTestWithDDTAndExcel -->
