<?xml version="1.0" encoding="UTF-8"?>
<!-- Generated by org.testng.reporters.JUnitReportReporter -->
<testsuite skipped="0" hostname="DESKTOP-7M67OUT" name="tests.NavigatetoUsers" tests="1" failures="0" timestamp="2021-08-25T02:58:40 EET" time="2.046" errors="0">
  <testcase name="Naviagetosuses" time="2.046" classname="tests.NavigatetoUsers"/>
  <system-out/>
</testsuite> <!-- tests.NavigatetoUsers -->
