<?xml version="1.0" encoding="UTF-8"?>
<!-- Generated by org.testng.reporters.JUnitReportReporter -->
<testsuite skipped="0" hostname="DESKTOP-7M67OUT" name="tests.Login" tests="1" failures="0" timestamp="2021-08-25T02:58:06 EET" time="0.693" errors="0">
  <testcase name="UserCanLogin" time="0.693" classname="tests.Login"/>
  <system-out/>
</testsuite> <!-- tests.Login -->
